<?xml version="1.0" encoding="UTF-8"?>
<testsuite name="Cucumber" time="66.571" tests="6" skipped="0" failures="1" errors="0" timestamp="2025-03-17T07:09:55.003404800Z">
<testcase classname="Account Page Feature" name="Accounts page title" time="32.178">
<system-out><![CDATA[
Given user has already logged in to application.............................passed
Given user is on Accounts page..............................................passed
When user gets the title of the account page................................passed
Then page title should be "ssaisrinivas22 / Preferences"....................passed
]]></system-out>
</testcase>
<testcase classname="Account Page Feature" name="Accounts section count" time="9.763">
<system-out><![CDATA[
Given user has already logged in to application.............................passed
Given user is on Accounts page..............................................passed
Then user gets accounts section.............................................passed
And accounts section count should be 7......................................passed
]]></system-out>
</testcase>
<testcase classname="Login page feature" name="Login page title" time="3.524">
<system-out><![CDATA[
Given user is on login page.................................................passed
When user gets the title of the login page..................................passed
Then Login page title should be "SourceForge.net: Log In to SourceForge.net".passed
]]></system-out>
</testcase>
<testcase classname="Login page feature" name="Forgot Password link" time="3.984">
<system-out><![CDATA[
Given user is on login page.................................................passed
Then forgot your password link should be displayed..........................passed
]]></system-out>
</testcase>
<testcase classname="Login page feature" name="Login with correct credentials - #1.1" time="9.388">
<system-out><![CDATA[
Given user is on login page.................................................passed
When user enters username "ssaisrinivas22" and password "$Ss9704312287".....passed
And user clicks on Login button.............................................passed
Then user gets the title of the account page................................passed
And Account page title should be "Compare B2B Software, Download, & Develop Open Source & Business Software - SourceForge".passed
]]></system-out>
</testcase>
<testcase classname="Login page feature" name="Login with correct credentials - #1.2" time="7.397">
<failure type="org.junit.ComparisonFailure" message="expected:&lt;[SourceForge.net: Log In to SourceForge.net]&gt; but was:&lt;[Compare B2B Software, Download, &amp; Develop Open Source &amp; Business Software - SourceForge]&gt;">
<![CDATA[org.junit.ComparisonFailure: expected:<[SourceForge.net: Log In to SourceForge.net]> but was:<[Compare B2B Software, Download, & Develop Open Source & Business Software - SourceForge]>
	at org.junit.Assert.assertEquals(Assert.java:117)
	at org.junit.Assert.assertEquals(Assert.java:146)
	at steps.LoginPageStepDefinitions.Account_page_title_should_be(LoginPageStepDefinitions.java:64)
	at ✽.Account page title should be "Compare B2B Software, Download, & Develop Open Source & Business Software - SourceForge"(file:///C:/Users/ssais/git/CucumberSeleniumPOMDemo/CucumberSeleniumPOMDemo/src/test/resources/features/LoginPage.feature:17)
]]>
</failure>
<system-out><![CDATA[
Given user is on login page.................................................passed
When user enters username "ssaisrinivas2" and password "$Ss9704312287"......passed
And user clicks on Login button.............................................passed
Then user gets the title of the account page................................passed
And Account page title should be "Compare B2B Software, Download, & Develop Open Source & Business Software - SourceForge".failed
]]></system-out>
</testcase>
</testsuite>
