<?xml version="1.0" encoding="UTF-8"?>
<testsuite name="Cucumber" time="16.404" tests="3" skipped="0" failures="1" errors="0" timestamp="2025-03-16T16:15:11.976736500Z">
<testcase classname="Login page feature" name="Login page title" time="6.386">
<system-out><![CDATA[
Given user is on login page.................................................passed
When user gets the title of the login page..................................passed
Then Login page title should be "SourceForge.net: Log In to SourceForge.net".passed
]]></system-out>
</testcase>
<testcase classname="Login page feature" name="Forgot Password link" time="4.198">
<system-out><![CDATA[
Given user is on login page.................................................passed
Then forgot your password link should be displayed..........................passed
]]></system-out>
</testcase>
<testcase classname="Login page feature" name="Login with correct credentials" time="5.583">
<failure type="org.junit.ComparisonFailure" message="expected:&lt;[SourceForge.net: Log In to SourceForge.net]&gt; but was:&lt;[Compare B2B Software, Download, &amp; Develop Open Source &amp; Business Software - SourceForge]&gt;">
<![CDATA[org.junit.ComparisonFailure: expected:<[SourceForge.net: Log In to SourceForge.net]> but was:<[Compare B2B Software, Download, & Develop Open Source & Business Software - SourceForge]>
	at org.junit.Assert.assertEquals(Assert.java:117)
	at org.junit.Assert.assertEquals(Assert.java:146)
	at steps.LoginPageStepDefinitions.Account_page_title_should_be(LoginPageStepDefinitions.java:70)
	at ✽.Account page title should be "Compare B2B Software, Download, & Develop Open Source & Business Software - SourceForge"(file:///D:/Eclipse-23-24/CucumberSeleniumPOMDemo/src/test/resources/features/LoginPage.feature:20)
]]>
</failure>
<system-out><![CDATA[
Given user is on login page.................................................passed
When user enters username "ssaisrinivas22@gmail.com"........................passed
And user enters password "$Ss9704312287"....................................passed
And user clicks on Login button.............................................passed
Then user gets the title of the account page................................passed
And Account page title should be "Compare B2B Software, Download, & Develop Open Source & Business Software - SourceForge".failed
]]></system-out>
</testcase>
</testsuite>
